\BOOKMARK [0][-]{chapter.1}{\376\377\000P\000o\000d\000s\000t\000a\000w\000y}{}% 1
\BOOKMARK [1][-]{section.1.1}{\376\377\000N\000a\000z\000e\000w\000n\000i\000c\000t\000w\000o}{chapter.1}% 2
\BOOKMARK [1][-]{section.1.2}{\376\377\000P\000r\000z\000e\000g\000l\001\005\000d\000\040\000G\000U\000I\000\040\000-\000\040\000H\000o\000r\000i\000z\000o\000n}{chapter.1}% 3
\BOOKMARK [1][-]{section.1.3}{\376\377\000R\000e\000p\000o\000z\000y\000t\000o\000r\000i\000u\000m\000\040\000o\000b\000r\000a\000z\000\363\000w\000\040\000-\000\040\000G\000l\000a\000n\000c\000e}{chapter.1}% 4
\BOOKMARK [1][-]{section.1.4}{\376\377\000C\000o\000m\000p\000u\000t\000e\000\040\000-\000\040\000N\000o\000v\000a}{chapter.1}% 5
\BOOKMARK [1][-]{section.1.5}{\376\377\000S\000i\000e\000c\000i\000\040\000-\000\040\000N\000e\000u\000t\000r\000o\000n}{chapter.1}% 6
\BOOKMARK [1][-]{section.1.6}{\376\377\000B\000l\000o\000c\000k\000\040\000S\000t\000o\000r\000a\000g\000e\000\040\000-\000\040\000C\000i\000n\000d\000e\000r}{chapter.1}% 7
\BOOKMARK [0][-]{chapter.2}{\376\377\000T\000e\000m\000a\000t\000y\000\040\000z\000a\000a\000w\000a\000n\000s\000o\000w\000a\000n\000e}{}% 8
\BOOKMARK [1][-]{section.2.1}{\376\377\000[\000U\000s\000e\000\040\000c\000a\000s\000e\000s\000]\000\050\000.\000/\000u\000s\000e\000-\000c\000a\000s\000e\000s\000/\000i\000n\000d\000e\000x\000.\000m\000d\000\051}{chapter.2}% 9
\BOOKMARK [1][-]{section.2.2}{\376\377\000[\000T\000r\000o\000u\000b\000l\000e\000s\000h\000o\000o\000t\000i\000n\000g\000\040\000\046\000\040\000S\000u\000p\000p\000o\000r\000t\000]\000\050\000.\000/\000t\000r\000b\000l\000-\000s\000u\000p\000p\000o\000r\000t\000/\000t\000r\000o\000u\000b\000l\000e\000s\000h\000o\000o\000t\000.\000m\000d\000\051}{chapter.2}% 10
\BOOKMARK [1][-]{section.2.3}{\376\377\000[\000D\000N\000S\000,\000\040\000P\000r\000o\000x\000y\000\040\000e\000t\000c\000.\000]\000\050\000.\000/\000u\000t\000i\000l\000\137\000s\000y\000s\000t\000e\000m\000s\000.\000m\000d\000\051}{chapter.2}% 11
\BOOKMARK [0][-]{chapter.3}{\376\377\000T\000u\000t\000o\000r\000i\000a\000l}{}% 12
\BOOKMARK [1][-]{section.3.1}{\376\377\000N\000a\000g\000l\000o\000w\000k\000i}{chapter.3}% 13
\BOOKMARK [1][-]{section.3.2}{\376\377\000S\000t\000y\000l\000\040\000t\000e\000k\000s\000t\000u}{chapter.3}% 14
\BOOKMARK [1][-]{section.3.3}{\376\377\000L\000i\000s\000t\000y}{chapter.3}% 15
\BOOKMARK [1][-]{section.3.4}{\376\377\000T\000a\000b\000e\000l\000k\000i}{chapter.3}% 16
\BOOKMARK [1][-]{section.3.5}{\376\377\000L\000i\000n\000k\000i}{chapter.3}% 17
\BOOKMARK [1][-]{section.3.6}{\376\377\000O\000b\000r\000a\000z\000y}{chapter.3}% 18
\BOOKMARK [1][-]{section.3.7}{\376\377\000P\000o\000b\000i\000e\000r\000a\000n\000i\000e}{chapter.3}% 19
\BOOKMARK [1][-]{section.3.8}{\376\377\000P\000o\000d\000s\000t\000a\000w\000i\000e\000n\000i\000a}{chapter.3}% 20
\BOOKMARK [1][-]{section.3.9}{\376\377\000T\000a\000b\000l\000e\000\040\000o\000f\000\040\000C\000o\000n\000t\000e\000n\000t\000s}{chapter.3}% 21
\BOOKMARK [1][-]{section.3.10}{\376\377\000O\000z\000n\000a\000c\000z\000e\000n\000i\000a\000\040\000z\000w\000r\000a\000c\000a\000j\000a\000c\000e\000\040\000u\000w\000a\000g\000e}{chapter.3}% 22
\BOOKMARK [1][-]{section.3.11}{\376\377\000K\000o\000d\000\040\000w\000\040\000t\000e\000k\000s\000c\000i\000e}{chapter.3}% 23
\BOOKMARK [1][-]{section.3.12}{\376\377\000Z\000e\000w\000n\000e\000t\000r\000z\000n\000e\000\040\000i\000n\000s\000t\000r\000u\000k\000c\000j\000e}{chapter.3}% 24
